Arguments: 
  /usr/bin/node /usr/bin/yarn add eact-router-dom

PATH: 
  /home/arsalan/.local/bin:/home/arsalan/.local/bin:/usr/local/sbin:/usr/local/bin:/usr/sbin:/usr/bin:/sbin:/bin:/usr/games:/usr/local/games:/snap/bin:/usr/local/go/bin:/usr/local/go/bin:/home/arsalan/work/bin:/usr/local/go/bin:/home/arsalan/Desktop/workbench/bin_linux64:/home/arsalan/HCP/palm-alpha116:/usr/local/MATLAB/R2018b/bin:/home/arsalan/Desktop/linux-cli-master:/usr/local/go/bin:/home/arsalan/work/bin:/home/arsalan/Desktop/workbench/bin_linux64:/home/arsalan/HCP/palm-alpha116:/usr/local/MATLAB/R2018b/bin:/home/arsalan/Desktop/linux-cli-master

Yarn version: 
  1.22.17

Node version: 
  14.18.2

Platform: 
  linux x64

Trace: 
  Error: https://registry.npmjs.org/eact-router-dom: Not found
      at Request.params.callback [as _callback] (/usr/lib/node_modules/yarn/lib/cli.js:67029:18)
      at Request.self.callback (/usr/lib/node_modules/yarn/lib/cli.js:140883:22)
      at Request.emit (events.js:400:28)
      at Request.<anonymous> (/usr/lib/node_modules/yarn/lib/cli.js:141855:10)
      at Request.emit (events.js:400:28)
      at IncomingMessage.<anonymous> (/usr/lib/node_modules/yarn/lib/cli.js:141777:12)
      at Object.onceWrapper (events.js:519:28)
      at IncomingMessage.emit (events.js:412:35)
      at endReadableNT (internal/streams/readable.js:1334:12)
      at processTicksAndRejections (internal/process/task_queues.js:82:21)

npm manifest: 
  {
    "name": "react2",
    "version": "0.1.0",
    "private": true,
    "dependencies": {
      "@testing-library/jest-dom": "^5.16.1",
      "@testing-library/react": "^12.1.2",
      "@testing-library/user-event": "^13.5.0",
      "antd": "^4.17.4",
      "parse": "^3.4.0",
      "react": "^17.0.2",
      "react-dom": "^17.0.2",
      "react-draft-wysiwyg": "^1.14.7",
      "react-scripts": "5.0.0",
      "recoil": "^0.5.2",
      "rsuite": "^5.5.2",
      "web-vitals": "^2.1.2"
    },
    "scripts": {
      "start": "react-scripts start",
      "build": "react-scripts build",
      "test": "react-scripts test",
      "eject": "react-scripts eject"
    },
    "eslintConfig": {
      "extends": [
        "react-app"
      ]
    },
    "browserslist": {
      "production": [
        ">0.2%",
        "not dead",
        "not op_mini all"
      ],
      "development": [
        "last 1 chrome version",
        "last 1 firefox version",
        "last 1 safari version"
      ]
    }
  }

yarn manifest: 
  No manifest

Lockfile: 
  No lockfile
